18:53:51.463 skipping bootstrap configuration: could not find or read file: classpath:karate-config.js
18:53:51.481 [print] Hello world
18:53:51.901 request:
1 > GET https://reqres.in/api/users?page=2
1 > Accept-Encoding: gzip,deflate
1 > Connection: Keep-Alive
1 > Host: reqres.in
1 > User-Agent: Apache-HttpClient/4.5.12 (Java/13)

18:53:52.234 response time in milliseconds: 328.45
1 < 200
1 < Access-Control-Allow-Origin: *
1 < Age: 4540
1 < CF-Cache-Status: HIT
1 < CF-RAY: 763d2ff30daa4b0b-HYD
1 < Cache-Control: max-age=14400
1 < Connection: keep-alive
1 < Content-Type: application/json; charset=utf-8
1 < Date: Wed, 02 Nov 2022 13:23:53 GMT
1 < Etag: W/"406-ut0vzoCuidvyMf8arZpMpJ6ZRDw"
1 < NEL: {"success_fraction":0,"report_to":"cf-nel","max_age":604800}
1 < Report-To: {"endpoints":[{"url":"https:\/\/a.nel.cloudflare.com\/report\/v3?s=jgrOUvVnWJbRNJJHgQTU5DebQb0ze7dIsv8vG2X1fbl5zVUZVWEH%2B4WyoVRnb1AWqCh6VvyDzRhgDWRzsYhamQuNH7cBsXrDqaoIlbeFTEPRwWUJpaDIT2OxEQ%3D%3D"}],"group":"cf-nel","max_age":604800}
1 < Server: cloudflare
1 < Transfer-Encoding: chunked
1 < Vary: Accept-Encoding
1 < Via: 1.1 vegur
1 < X-Powered-By: Express
{"page":2,"per_page":6,"total":12,"total_pages":2,"data":[{"id":7,"email":"michael.lawson@reqres.in","first_name":"Michael","last_name":"Lawson","avatar":"https://reqres.in/img/faces/7-image.jpg"},{"id":8,"email":"lindsay.ferguson@reqres.in","first_name":"Lindsay","last_name":"Ferguson","avatar":"https://reqres.in/img/faces/8-image.jpg"},{"id":9,"email":"tobias.funke@reqres.in","first_name":"Tobias","last_name":"Funke","avatar":"https://reqres.in/img/faces/9-image.jpg"},{"id":10,"email":"byron.fields@reqres.in","first_name":"Byron","last_name":"Fields","avatar":"https://reqres.in/img/faces/10-image.jpg"},{"id":11,"email":"george.edwards@reqres.in","first_name":"George","last_name":"Edwards","avatar":"https://reqres.in/img/faces/11-image.jpg"},{"id":12,"email":"rachel.howell@reqres.in","first_name":"Rachel","last_name":"Howell","avatar":"https://reqres.in/img/faces/12-image.jpg"}],"support":{"url":"https://reqres.in/#support-heading","text":"To keep ReqRes free, contributions towards server costs are appreciated!"}}

18:53:52.304 [print] 6
18:53:52.367 [print] [
  {
    "last_name": "Lawson",
    "id": 7,
    "avatar": "https://reqres.in/img/faces/7-image.jpg",
    "first_name": "Michael",
    "email": "michael.lawson@reqres.in"
  },
  {
    "last_name": "Ferguson",
    "id": 8,
    "avatar": "https://reqres.in/img/faces/8-image.jpg",
    "first_name": "Lindsay",
    "email": "lindsay.ferguson@reqres.in"
  },
  {
    "last_name": "Funke",
    "id": 9,
    "avatar": "https://reqres.in/img/faces/9-image.jpg",
    "first_name": "Tobias",
    "email": "tobias.funke@reqres.in"
  },
  {
    "last_name": "Fields",
    "id": 10,
    "avatar": "https://reqres.in/img/faces/10-image.jpg",
    "first_name": "Byron",
    "email": "byron.fields@reqres.in"
  },
  {
    "last_name": "Edwards",
    "id": 11,
    "avatar": "https://reqres.in/img/faces/11-image.jpg",
    "first_name": "George",
    "email": "george.edwards@reqres.in"
  },
  {
    "last_name": "Howell",
    "id": 12,
    "avatar": "https://reqres.in/img/faces/12-image.jpg",
    "first_name": "Rachel",
    "email": "rachel.howell@reqres.in"
  },
  undefined
]

18:53:52.371 [print] {
  "per_page": 6,
  "total": 12,
  "data": [
    {
      "last_name": "Lawson",
      "id": 7,
      "avatar": "https://reqres.in/img/faces/7-image.jpg",
      "first_name": "Michael",
      "email": "michael.lawson@reqres.in"
    },
    {
      "last_name": "Ferguson",
      "id": 8,
      "avatar": "https://reqres.in/img/faces/8-image.jpg",
      "first_name": "Lindsay",
      "email": "lindsay.ferguson@reqres.in"
    },
    {
      "last_name": "Funke",
      "id": 9,
      "avatar": "https://reqres.in/img/faces/9-image.jpg",
      "first_name": "Tobias",
      "email": "tobias.funke@reqres.in"
    },
    {
      "last_name": "Fields",
      "id": 10,
      "avatar": "https://reqres.in/img/faces/10-image.jpg",
      "first_name": "Byron",
      "email": "byron.fields@reqres.in"
    },
    {
      "last_name": "Edwards",
      "id": 11,
      "avatar": "https://reqres.in/img/faces/11-image.jpg",
      "first_name": "George",
      "email": "george.edwards@reqres.in"
    },
    {
      "last_name": "Howell",
      "id": 12,
      "avatar": "https://reqres.in/img/faces/12-image.jpg",
      "first_name": "Rachel",
      "email": "rachel.howell@reqres.in"
    }
  ],
  "page": 2,
  "total_pages": 2,
  "support": {
    "text": "To keep ReqRes free, contributions towards server costs are appreciated!",
    "url": "https://reqres.in/#support-heading"
  }
}

18:53:52.395 [print] Total ->240
18:53:52.575 [print] inputJSON.data[2].email: test@test.com
18:53:52.582 [print] response.data[2].email: test@test.com
18:53:52.608 [print] FunctionWithoutParam
18:53:52.609 [print] FunctionWithParam: param, arg.len:5
18:53:52.638 [print] Hello
18:53:52.651 request:
1 > GET https://reqres.in/api/users
1 > Accept-Encoding: gzip,deflate
1 > Connection: Keep-Alive
1 > Host: reqres.in
1 > User-Agent: Apache-HttpClient/4.5.12 (Java/13)

18:53:52.707 response time in milliseconds: 53.80
1 < 200
1 < Access-Control-Allow-Origin: *
1 < Age: 4536
1 < CF-Cache-Status: HIT
1 < CF-RAY: 763d2ff62c6c4b0b-HYD
1 < Cache-Control: max-age=14400
1 < Connection: keep-alive
1 < Content-Type: application/json; charset=utf-8
1 < Date: Wed, 02 Nov 2022 13:23:53 GMT
1 < Etag: W/"3e4-2RLXvr5wTg9YQ6aH95CkYoFNuO8"
1 < NEL: {"success_fraction":0,"report_to":"cf-nel","max_age":604800}
1 < Report-To: {"endpoints":[{"url":"https:\/\/a.nel.cloudflare.com\/report\/v3?s=k%2BF4Wd5Pbfj75C1ebj3hS8d9g0s93W%2BN9CP6%2F6oSQoV7OnmT7IW878OzE75YlBZ2z76lRiYmH26oacdyD8XIJw2eTpgu9UBzt0HxM1FipetmyrE8BF34cVyvyA%3D%3D"}],"group":"cf-nel","max_age":604800}
1 < Server: cloudflare
1 < Transfer-Encoding: chunked
1 < Vary: Accept-Encoding
1 < Via: 1.1 vegur
1 < X-Powered-By: Express
{"page":1,"per_page":6,"total":12,"total_pages":2,"data":[{"id":1,"email":"george.bluth@reqres.in","first_name":"George","last_name":"Bluth","avatar":"https://reqres.in/img/faces/1-image.jpg"},{"id":2,"email":"janet.weaver@reqres.in","first_name":"Janet","last_name":"Weaver","avatar":"https://reqres.in/img/faces/2-image.jpg"},{"id":3,"email":"emma.wong@reqres.in","first_name":"Emma","last_name":"Wong","avatar":"https://reqres.in/img/faces/3-image.jpg"},{"id":4,"email":"eve.holt@reqres.in","first_name":"Eve","last_name":"Holt","avatar":"https://reqres.in/img/faces/4-image.jpg"},{"id":5,"email":"charles.morris@reqres.in","first_name":"Charles","last_name":"Morris","avatar":"https://reqres.in/img/faces/5-image.jpg"},{"id":6,"email":"tracey.ramos@reqres.in","first_name":"Tracey","last_name":"Ramos","avatar":"https://reqres.in/img/faces/6-image.jpg"}],"support":{"url":"https://reqres.in/#support-heading","text":"To keep ReqRes free, contributions towards server costs are appreciated!"}}

18:53:52.710 [print] {
  "per_page": 6,
  "total": 12,
  "data": [
    {
      "last_name": "Bluth",
      "id": 1,
      "avatar": "https://reqres.in/img/faces/1-image.jpg",
      "first_name": "George",
      "email": "george.bluth@reqres.in"
    },
    {
      "last_name": "Weaver",
      "id": 2,
      "avatar": "https://reqres.in/img/faces/2-image.jpg",
      "first_name": "Janet",
      "email": "janet.weaver@reqres.in"
    },
    {
      "last_name": "Wong",
      "id": 3,
      "avatar": "https://reqres.in/img/faces/3-image.jpg",
      "first_name": "Emma",
      "email": "emma.wong@reqres.in"
    },
    {
      "last_name": "Holt",
      "id": 4,
      "avatar": "https://reqres.in/img/faces/4-image.jpg",
      "first_name": "Eve",
      "email": "eve.holt@reqres.in"
    },
    {
      "last_name": "Morris",
      "id": 5,
      "avatar": "https://reqres.in/img/faces/5-image.jpg",
      "first_name": "Charles",
      "email": "charles.morris@reqres.in"
    },
    {
      "last_name": "Ramos",
      "id": 6,
      "avatar": "https://reqres.in/img/faces/6-image.jpg",
      "first_name": "Tracey",
      "email": "tracey.ramos@reqres.in"
    }
  ],
  "page": 1,
  "total_pages": 2,
  "support": {
    "text": "To keep ReqRes free, contributions towards server costs are appreciated!",
    "url": "https://reqres.in/#support-heading"
  }
}

18:53:52.721 [print] {
  "per_page": 6,
  "total": 12,
  "data": [
    {
      "last_name": "Bluth",
      "id": 1,
      "avatar": "https://reqres.in/img/faces/1-image.jpg",
      "first_name": "George",
      "email": "george.bluth@reqres.in"
    },
    {
      "last_name": "Weaver",
      "id": 2,
      "avatar": "https://reqres.in/img/faces/2-image.jpg",
      "first_name": "Janet",
      "email": "janet.weaver@reqres.in"
    },
    {
      "last_name": "Wong",
      "id": 3,
      "avatar": "https://reqres.in/img/faces/3-image.jpg",
      "first_name": "Emma",
      "email": "emma.wong@reqres.in"
    },
    {
      "last_name": "Holt",
      "id": 4,
      "avatar": "https://reqres.in/img/faces/4-image.jpg",
      "first_name": "Eve",
      "email": "eve.holt@reqres.in"
    },
    {
      "last_name": "Morris",
      "id": 5,
      "avatar": "https://reqres.in/img/faces/5-image.jpg",
      "first_name": "Charles",
      "email": "charles.morris@reqres.in"
    },
    {
      "last_name": "Ramos",
      "id": 6,
      "avatar": "https://reqres.in/img/faces/6-image.jpg",
      "first_name": "Tracey",
      "email": "tracey.ramos@reqres.in"
    }
  ],
  "page": 1,
  "total_pages": 2,
  "support": {
    "text": "To keep ReqRes free, contributions towards server costs are appreciated!",
    "url": "https://reqres.in/#support-heading"
  }
}

18:53:52.729 [print] C:/GitClones/KarateAPIAuto/KarateAPI/src/test/java/apiFeature/calledFeature.feature
18:53:52.735 [print] This will be called in other feature
18:53:52.741 [print] 6
18:53:52.748 [print] 
18:53:52.753 [print] 
18:53:52.757 [print] 
18:53:52.762 [print] 
18:53:52.765 [print] 
18:53:52.769 [print] 
18:53:52.773 request:
2 > GET https://gorest.co.in/public/v2/users
2 > Accept-Encoding: gzip,deflate
2 > Connection: Keep-Alive
2 > Host: gorest.co.in
2 > User-Agent: Apache-HttpClient/4.5.12 (Java/13)

18:53:53.749 response time in milliseconds: 973.99
2 < 200
2 < CF-Cache-Status: DYNAMIC
2 < CF-RAY: 763d2ffa4c9290ef-FRA
2 < Cache-Control: max-age=0, private, must-revalidate
2 < Connection: keep-alive
2 < Content-Type: application/json; charset=utf-8
2 < Date: Wed, 02 Nov 2022 13:23:54 GMT
2 < NEL: {"success_fraction":0,"report_to":"cf-nel","max_age":604800}
2 < Report-To: {"endpoints":[{"url":"https:\/\/a.nel.cloudflare.com\/report\/v3?s=ZWXgulcd5%2Fv3vr%2B76cGyxw8aKRoAP1F1OYHtruDhUmo832KCeSJsLkZbAkmTAVABl2uPyHkfx8Q97QO%2B4LcPbcO2u0mEd8xa%2FhvNWU9oEqErfxKRoMiRDLudBexRwoM%3D"}],"group":"cf-nel","max_age":604800}
2 < Server: cloudflare
2 < Transfer-Encoding: chunked
2 < alt-svc: h3=":443"; ma=86400, h3-29=":443"; ma=86400
2 < etag: W/"97a4a15fa6ba040a9829110d1bfc2d77"
2 < referrer-policy: strict-origin-when-cross-origin
2 < vary: Origin
2 < x-content-type-options: nosniff
2 < x-download-options: noopen
2 < x-frame-options: SAMEORIGIN
2 < x-links-current: https://gorest.co.in/public/v2/users?page=1
2 < x-links-next: https://gorest.co.in/public/v2/users?page=2
2 < x-links-previous: 
2 < x-pagination-limit: 10
2 < x-pagination-page: 1
2 < x-pagination-pages: 399
2 < x-pagination-total: 3988
2 < x-permitted-cross-domain-policies: none
2 < x-request-id: edd65553-f9fe-4b0c-8f70-57a1e7f67715
2 < x-runtime: 0.022008
2 < x-xss-protection: 0
[{"id":4058,"name":"Gov. Jyotsana Mukhopadhyay","email":"mukhopadhyay_jyotsana_gov@considine.biz","gender":"male","status":"active"},{"id":4057,"name":"Prasad Gupta PhD","email":"prasad_gupta_phd@sauer.net","gender":"female","status":"active"},{"id":4056,"name":"Anurag Kaur CPA","email":"kaur_anurag_cpa@hackett-johns.io","gender":"male","status":"inactive"},{"id":4055,"name":"Adwitiya Varma III","email":"varma_iii_adwitiya@hodkiewicz-pagac.co","gender":"male","status":"active"},{"id":4054,"name":"Karunanidhi Gill","email":"karunanidhi_gill@quitzon-moore.name","gender":"male","status":"inactive"},{"id":4053,"name":"Pres. Bhima Kocchar","email":"kocchar_bhima_pres@stehr-homenick.org","gender":"female","status":"inactive"},{"id":4052,"name":"Tapan Bharadwaj","email":"bharadwaj_tapan@turcotte.name","gender":"female","status":"active"},{"id":4051,"name":"Chatura Chopra","email":"chopra_chatura@carter.biz","gender":"male","status":"inactive"},{"id":4050,"name":"Kanchan Desai","email":"desai_kanchan@dubuque-olson.net","gender":"female","status":"active"},{"id":4049,"name":"Dandak Marar","email":"marar_dandak@gibson.name","gender":"male","status":"inactive"}]

18:53:53.751 [print] [
  {
    "gender": "male",
    "name": "Gov. Jyotsana Mukhopadhyay",
    "id": 4058,
    "email": "mukhopadhyay_jyotsana_gov@considine.biz",
    "status": "active"
  },
  {
    "gender": "female",
    "name": "Prasad Gupta PhD",
    "id": 4057,
    "email": "prasad_gupta_phd@sauer.net",
    "status": "active"
  },
  {
    "gender": "male",
    "name": "Anurag Kaur CPA",
    "id": 4056,
    "email": "kaur_anurag_cpa@hackett-johns.io",
    "status": "inactive"
  },
  {
    "gender": "male",
    "name": "Adwitiya Varma III",
    "id": 4055,
    "email": "varma_iii_adwitiya@hodkiewicz-pagac.co",
    "status": "active"
  },
  {
    "gender": "male",
    "name": "Karunanidhi Gill",
    "id": 4054,
    "email": "karunanidhi_gill@quitzon-moore.name",
    "status": "inactive"
  },
  {
    "gender": "female",
    "name": "Pres. Bhima Kocchar",
    "id": 4053,
    "email": "kocchar_bhima_pres@stehr-homenick.org",
    "status": "inactive"
  },
  {
    "gender": "female",
    "name": "Tapan Bharadwaj",
    "id": 4052,
    "email": "bharadwaj_tapan@turcotte.name",
    "status": "active"
  },
  {
    "gender": "male",
    "name": "Chatura Chopra",
    "id": 4051,
    "email": "chopra_chatura@carter.biz",
    "status": "inactive"
  },
  {
    "gender": "female",
    "name": "Kanchan Desai",
    "id": 4050,
    "email": "desai_kanchan@dubuque-olson.net",
    "status": "active"
  },
  {
    "gender": "male",
    "name": "Dandak Marar",
    "id": 4049,
    "email": "marar_dandak@gibson.name",
    "status": "inactive"
  }
]

